2017-02-04 14:06:14,619 - Trying to use logger class org.apache.velocity.runtime.log.Log4JLogChute
2017-02-04 14:06:14,619 - Using logger class org.apache.velocity.runtime.log.Log4JLogChute
2017-02-04 14:06:14,624 - ResourceLoader instantiated: org.apache.velocity.runtime.resource.loader.ClasspathResourceLoader
2017-02-04 14:06:14,636 - ResourceCache: initialized (class org.apache.velocity.runtime.resource.ResourceCacheImpl) with class java.util.Collections$SynchronizedMap cache map.
2017-02-04 14:06:14,638 - Loaded System Directive: org.apache.velocity.runtime.directive.Stop
2017-02-04 14:06:14,640 - Loaded System Directive: org.apache.velocity.runtime.directive.Define
2017-02-04 14:06:14,640 - Loaded System Directive: org.apache.velocity.runtime.directive.Break
2017-02-04 14:06:14,643 - Loaded System Directive: org.apache.velocity.runtime.directive.Evaluate
2017-02-04 14:06:14,643 - Loaded System Directive: org.apache.velocity.runtime.directive.Literal
2017-02-04 14:06:14,645 - Loaded System Directive: org.apache.velocity.runtime.directive.Macro
2017-02-04 14:06:14,646 - Loaded System Directive: org.apache.velocity.runtime.directive.Parse
2017-02-04 14:06:14,647 - Loaded System Directive: org.apache.velocity.runtime.directive.Include
2017-02-04 14:06:14,649 - Loaded System Directive: org.apache.velocity.runtime.directive.Foreach
2017-02-04 14:06:14,676 - Created '20' parsers.
2017-02-04 14:06:14,682 - Velocimacro : "velocimacro.library" is not set.  Trying default library: VM_global_library.vm
2017-02-04 14:06:14,682 - Could not load resource 'VM_global_library.vm' from ResourceLoader org.apache.velocity.runtime.resource.loader.ClasspathResourceLoader: ClasspathResourceLoader Error: cannot find resource VM_global_library.vm
2017-02-04 14:06:14,683 - Velocimacro : Default library not found.
2017-02-04 14:06:14,683 - Velocimacro : allowInline = true : VMs can be defined inline in templates
2017-02-04 14:06:14,683 - Velocimacro : allowInlineToOverride = false : VMs defined inline may NOT replace previous VM definitions
2017-02-04 14:06:14,683 - Velocimacro : allowInlineLocal = false : VMs defined inline will be global in scope if allowed.
2017-02-04 14:06:14,683 - Velocimacro : autoload off : VM system will not automatically reload global library macros
2017-02-04 14:06:14,708 - ResourceManager : found /template/entity.java.vm with loader org.apache.velocity.runtime.resource.loader.ClasspathResourceLoader
2017-02-04 14:06:14,740 - ResourceManager : found /template/mapper.java.vm with loader org.apache.velocity.runtime.resource.loader.ClasspathResourceLoader
2017-02-04 14:06:14,744 - ResourceManager : found /template/mapper.xml.vm with loader org.apache.velocity.runtime.resource.loader.ClasspathResourceLoader
2017-02-04 14:06:14,747 - ResourceManager : found /template/service.java.vm with loader org.apache.velocity.runtime.resource.loader.ClasspathResourceLoader
2017-02-04 14:06:14,751 - ResourceManager : found /template/serviceImpl.java.vm with loader org.apache.velocity.runtime.resource.loader.ClasspathResourceLoader
2017-02-04 14:06:14,756 - ResourceManager : found /template/controller.java.vm with loader org.apache.velocity.runtime.resource.loader.ClasspathResourceLoader
2017-02-04 14:06:14,763 - ResourceManager : found /template/list.jsp.vm with loader org.apache.velocity.runtime.resource.loader.ClasspathResourceLoader
2017-02-04 14:06:14,764 - Null reference [template '/template/list.jsp.vm', line 7, column 16] : ${path} cannot be resolved.
2017-02-04 14:06:14,765 - Null reference [template '/template/list.jsp.vm', line 73, column 17] : ${path} cannot be resolved.
2017-02-04 14:06:14,765 - Null reference [template '/template/list.jsp.vm', line 100, column 18] : ${path} cannot be resolved.
2017-02-04 14:06:14,765 - Null reference [template '/template/list.jsp.vm', line 126, column 22] : ${path} cannot be resolved.
2017-02-04 14:06:14,768 - ResourceManager : found /template/add.jsp.vm with loader org.apache.velocity.runtime.resource.loader.ClasspathResourceLoader
2017-02-04 14:06:14,768 - Null reference [template '/template/add.jsp.vm', line 6, column 20] : ${path} cannot be resolved.
2017-02-04 14:06:14,770 - ResourceManager : found /template/edit.jsp.vm with loader org.apache.velocity.runtime.resource.loader.ClasspathResourceLoader
2017-02-04 14:06:14,771 - Null reference [template '/template/edit.jsp.vm', line 6, column 20] : ${path} cannot be resolved.
2017-02-04 14:06:21,742 - Log4JLogChute initialized using file 'velocity.log'
2017-02-04 14:06:21,743 - Initializing Velocity, Calling init()...
2017-02-04 14:06:21,743 - Starting Apache Velocity v1.7 (compiled: 2010-11-19 12:14:37)
2017-02-04 14:06:21,743 - Default Properties File: org\apache\velocity\runtime\defaults\velocity.properties
2017-02-04 14:06:21,743 - Trying to use logger class org.apache.velocity.runtime.log.AvalonLogChute
2017-02-04 14:06:21,743 - Target log system for org.apache.velocity.runtime.log.AvalonLogChute is not available (java.lang.NoClassDefFoundError: org/apache/log/format/Formatter).  Falling back to next log system...
2017-02-04 14:06:21,743 - Trying to use logger class org.apache.velocity.runtime.log.Log4JLogChute
2017-02-04 14:06:21,743 - Using logger class org.apache.velocity.runtime.log.Log4JLogChute
2017-02-04 14:06:21,746 - ResourceLoader instantiated: org.apache.velocity.runtime.resource.loader.ClasspathResourceLoader
2017-02-04 14:06:21,758 - ResourceCache: initialized (class org.apache.velocity.runtime.resource.ResourceCacheImpl) with class java.util.Collections$SynchronizedMap cache map.
2017-02-04 14:06:21,760 - Loaded System Directive: org.apache.velocity.runtime.directive.Stop
2017-02-04 14:06:21,761 - Loaded System Directive: org.apache.velocity.runtime.directive.Define
2017-02-04 14:06:21,762 - Loaded System Directive: org.apache.velocity.runtime.directive.Break
2017-02-04 14:06:21,764 - Loaded System Directive: org.apache.velocity.runtime.directive.Evaluate
2017-02-04 14:06:21,764 - Loaded System Directive: org.apache.velocity.runtime.directive.Literal
2017-02-04 14:06:21,766 - Loaded System Directive: org.apache.velocity.runtime.directive.Macro
2017-02-04 14:06:21,768 - Loaded System Directive: org.apache.velocity.runtime.directive.Parse
2017-02-04 14:06:21,769 - Loaded System Directive: org.apache.velocity.runtime.directive.Include
2017-02-04 14:06:21,770 - Loaded System Directive: org.apache.velocity.runtime.directive.Foreach
2017-02-04 14:06:21,799 - Created '20' parsers.
2017-02-04 14:06:21,806 - Velocimacro : "velocimacro.library" is not set.  Trying default library: VM_global_library.vm
2017-02-04 14:06:21,807 - Could not load resource 'VM_global_library.vm' from ResourceLoader org.apache.velocity.runtime.resource.loader.ClasspathResourceLoader: ClasspathResourceLoader Error: cannot find resource VM_global_library.vm
2017-02-04 14:06:21,807 - Velocimacro : Default library not found.
2017-02-04 14:06:21,807 - Velocimacro : allowInline = true : VMs can be defined inline in templates
2017-02-04 14:06:21,807 - Velocimacro : allowInlineToOverride = false : VMs defined inline may NOT replace previous VM definitions
2017-02-04 14:06:21,807 - Velocimacro : allowInlineLocal = false : VMs defined inline will be global in scope if allowed.
2017-02-04 14:06:21,807 - Velocimacro : autoload off : VM system will not automatically reload global library macros
2017-02-04 14:06:21,830 - ResourceManager : found /template/entity.java.vm with loader org.apache.velocity.runtime.resource.loader.ClasspathResourceLoader
2017-02-04 14:06:21,864 - ResourceManager : found /template/mapper.java.vm with loader org.apache.velocity.runtime.resource.loader.ClasspathResourceLoader
2017-02-04 14:06:21,868 - ResourceManager : found /template/mapper.xml.vm with loader org.apache.velocity.runtime.resource.loader.ClasspathResourceLoader
2017-02-04 14:06:21,870 - ResourceManager : found /template/service.java.vm with loader org.apache.velocity.runtime.resource.loader.ClasspathResourceLoader
2017-02-04 14:06:21,876 - ResourceManager : found /template/serviceImpl.java.vm with loader org.apache.velocity.runtime.resource.loader.ClasspathResourceLoader
2017-02-04 14:06:21,881 - ResourceManager : found /template/controller.java.vm with loader org.apache.velocity.runtime.resource.loader.ClasspathResourceLoader
2017-02-04 14:06:21,888 - ResourceManager : found /template/list.jsp.vm with loader org.apache.velocity.runtime.resource.loader.ClasspathResourceLoader
2017-02-04 14:06:21,889 - Null reference [template '/template/list.jsp.vm', line 7, column 16] : ${path} cannot be resolved.
2017-02-04 14:06:21,890 - Null reference [template '/template/list.jsp.vm', line 73, column 17] : ${path} cannot be resolved.
2017-02-04 14:06:21,890 - Null reference [template '/template/list.jsp.vm', line 100, column 18] : ${path} cannot be resolved.
2017-02-04 14:06:21,890 - Null reference [template '/template/list.jsp.vm', line 126, column 22] : ${path} cannot be resolved.
2017-02-04 14:06:21,892 - ResourceManager : found /template/add.jsp.vm with loader org.apache.velocity.runtime.resource.loader.ClasspathResourceLoader
2017-02-04 14:06:21,893 - Null reference [template '/template/add.jsp.vm', line 6, column 20] : ${path} cannot be resolved.
2017-02-04 14:06:21,895 - ResourceManager : found /template/edit.jsp.vm with loader org.apache.velocity.runtime.resource.loader.ClasspathResourceLoader
2017-02-04 14:06:21,896 - Null reference [template '/template/edit.jsp.vm', line 6, column 20] : ${path} cannot be resolved.
